Determining if the pthread_create exist failed with the following output:
Change Dir: /home/david/projs/assignment/build/CMakeFiles/CMakeTmp

Run Build Command:"/usr/bin/make" "cmTC_dd2bb/fast"
/usr/bin/make -f CMakeFiles/cmTC_dd2bb.dir/build.make CMakeFiles/cmTC_dd2bb.dir/build
make[1]: Entering directory '/home/david/projs/assignment/build/CMakeFiles/CMakeTmp'
Building C object CMakeFiles/cmTC_dd2bb.dir/CheckSymbolExists.c.o
/usr/bin/cc   -g -O0 -fprofile-arcs -ftest-coverage    -o CMakeFiles/cmTC_dd2bb.dir/CheckSymbolExists.c.o   -c /home/david/projs/assignment/build/CMakeFiles/CMakeTmp/CheckSymbolExists.c
Linking C executable cmTC_dd2bb
/usr/bin/cmake -E cmake_link_script CMakeFiles/cmTC_dd2bb.dir/link.txt --verbose=1
/usr/bin/cc  -g -O0 -fprofile-arcs -ftest-coverage     -rdynamic CMakeFiles/cmTC_dd2bb.dir/CheckSymbolExists.c.o  -o cmTC_dd2bb 
/usr/bin/ld: CMakeFiles/cmTC_dd2bb.dir/CheckSymbolExists.c.o: in function `main':
/home/david/projs/assignment/build/CMakeFiles/CMakeTmp/CheckSymbolExists.c:8: undefined reference to `pthread_create'
collect2: error: ld returned 1 exit status
make[1]: *** [CMakeFiles/cmTC_dd2bb.dir/build.make:87: cmTC_dd2bb] Error 1
make[1]: Leaving directory '/home/david/projs/assignment/build/CMakeFiles/CMakeTmp'
make: *** [Makefile:121: cmTC_dd2bb/fast] Error 2

File /home/david/projs/assignment/build/CMakeFiles/CMakeTmp/CheckSymbolExists.c:
/* */
#include <pthread.h>

int main(int argc, char** argv)
{
  (void)argv;
#ifndef pthread_create
  return ((int*)(&pthread_create))[argc];
#else
  (void)argc;
  return 0;
#endif
}

Determining if the function pthread_create exists in the pthreads failed with the following output:
Change Dir: /home/david/projs/assignment/build/CMakeFiles/CMakeTmp

Run Build Command:"/usr/bin/make" "cmTC_5f66c/fast"
/usr/bin/make -f CMakeFiles/cmTC_5f66c.dir/build.make CMakeFiles/cmTC_5f66c.dir/build
make[1]: Entering directory '/home/david/projs/assignment/build/CMakeFiles/CMakeTmp'
Building C object CMakeFiles/cmTC_5f66c.dir/CheckFunctionExists.c.o
/usr/bin/cc   -g -O0 -fprofile-arcs -ftest-coverage -DCHECK_FUNCTION_EXISTS=pthread_create   -o CMakeFiles/cmTC_5f66c.dir/CheckFunctionExists.c.o   -c /usr/share/cmake-3.13/Modules/CheckFunctionExists.c
Linking C executable cmTC_5f66c
/usr/bin/cmake -E cmake_link_script CMakeFiles/cmTC_5f66c.dir/link.txt --verbose=1
/usr/bin/cc  -g -O0 -fprofile-arcs -ftest-coverage -DCHECK_FUNCTION_EXISTS=pthread_create    -rdynamic CMakeFiles/cmTC_5f66c.dir/CheckFunctionExists.c.o  -o cmTC_5f66c -lpthreads 
/usr/bin/ld: cannot find -lpthreads
collect2: error: ld returned 1 exit status
make[1]: *** [CMakeFiles/cmTC_5f66c.dir/build.make:87: cmTC_5f66c] Error 1
make[1]: Leaving directory '/home/david/projs/assignment/build/CMakeFiles/CMakeTmp'
make: *** [Makefile:121: cmTC_5f66c/fast] Error 2


